Arguments: 
  C:\Program Files\nodejs\node.exe C:\Users\sed\.node\corepack\yarn\1.22.15\bin\yarn.js add express pg pg-hstore sequeluze cors dotenv

PATH: 
  C:\Python310\Scripts\;C:\Python310\;C:\Windows\system32;C:\Windows;C:\Windows\System32\Wbem;C:\Windows\System32\WindowsPowerShell\v1.0\;C:\Windows\System32\OpenSSH\;C:\Program Files\nodejs\;C:\ProgramData\chocolatey\bin;C:\Program Files\Git\cmd;C:\Program Files\Cloudflare\Cloudflare WARP\;C:\Users\sed\AppData\Local\Microsoft\WindowsApps;;C:\Users\sed\AppData\Local\Programs\Microsoft VS Code\bin;C:\Users\sed\AppData\Roaming\npm

Yarn version: 
  1.22.15

Node version: 
  16.14.2

Platform: 
  win32 x64

Trace: 
  Error: https://registry.yarnpkg.com/sequeluze: Not found
      at Request.params.callback [as _callback] (C:\Users\sed\.node\corepack\yarn\1.22.15\lib\cli.js:66140:18)
      at Request.self.callback (C:\Users\sed\.node\corepack\yarn\1.22.15\lib\cli.js:140885:22)
      at Request.emit (node:events:526:28)
      at Request.<anonymous> (C:\Users\sed\.node\corepack\yarn\1.22.15\lib\cli.js:141857:10)
      at Request.emit (node:events:526:28)
      at IncomingMessage.<anonymous> (C:\Users\sed\.node\corepack\yarn\1.22.15\lib\cli.js:141779:12)
      at Object.onceWrapper (node:events:645:28)
      at IncomingMessage.emit (node:events:538:35)
      at endReadableNT (node:internal/streams/readable:1345:12)
      at processTicksAndRejections (node:internal/process/task_queues:83:21)

npm manifest: 
  {
    "name": "server",
    "version": "1.0.0",
    "description": "",
    "main": "index.js",
    "scripts": {
      "test": "echo \"Error: no test specified\" && exit 1"
    },
    "keywords": [],
    "author": "",
    "license": "ISC"
  }

yarn manifest: 
  No manifest

Lockfile: 
  No lockfile
